<?xml version="1.0" encoding="UTF-8"?>
<!-- Generated by org.testng.reporters.JUnitReportReporter -->
<testsuite hostname="Wali-jan" failures="0" tests="2" name="first.Project.ClassOne" time="35.886" errors="0" timestamp="05 Oct 2023 02:37:48 GMT" skipped="0">
  <testcase classname="first.Project.ClassOne" name="secondTEst" time="0.036"/>
  <testcase classname="first.Project.ClassOne" name="testNGdemo" time="35.850"/>
</testsuite> <!-- first.Project.ClassOne -->
