<?xml version="1.0" encoding="UTF-8"?>
<!-- Generated by org.testng.reporters.JUnitReportReporter -->
<testsuite hostname="Wali-jan" failures="0" tests="2" name="first.Project.ClassOne" time="16.626" errors="0" timestamp="03 Oct 2023 01:46:59 GMT" skipped="0">
  <testcase classname="first.Project.ClassOne" name="testNGdemo" time="16.600"/>
  <testcase classname="first.Project.ClassOne" name="secondTEst" time="0.026"/>
</testsuite> <!-- first.Project.ClassOne -->
