<?xml version="1.0" encoding="UTF-8"?>
<!-- Generated by org.testng.reporters.JUnitReportReporter -->
<testsuite hostname="Wali-jan" failures="0" tests="1" name="first.Project.ClassOne" time="20.272" errors="0" timestamp="30 Sep 2023 02:56:26 GMT" skipped="0">
  <testcase classname="first.Project.ClassOne" name="testNGdemo" time="20.272"/>
</testsuite> <!-- first.Project.ClassOne -->
