<?xml version="1.0" encoding="UTF-8"?>
<!-- Generated by org.testng.reporters.JUnitReportReporter -->
<testsuite hostname="Wali-jan" failures="0" tests="1" name="first.Project.ClassOne" time="0.022" errors="0" timestamp="05 Oct 2023 16:28:18 GMT" skipped="0">
  <testcase classname="first.Project.ClassOne" name="secondTEst" time="0.022"/>
</testsuite> <!-- first.Project.ClassOne -->
